********************************************************************************
product = WebSphere Application Server 8.5.5.5 (wlp-1.0.8.cl50520150305-2202)
wlp.install.dir = C:/eclipse/plugins/com.worklight.worklight-artifacts_7.1.0.00-20151227-1725/liberty/wlp/
server.config.dir = C:/Users/IBM_ADMIN/Documents/WorkSpaces/IBM/MobileFirstServerConfig/servers/worklight/
java.home = C:\Program Files\Java\jre7
java.version = 1.7.0_75
java.runtime = Java(TM) SE Runtime Environment (1.7.0_75-b13)
os = Windows 7 (6.1; amd64) (en_US)
process = 7812@PBD31LA
********************************************************************************
[1/27/16 16:52:38:378 CST] 00000001 com.ibm.ws.kernel.launch.internal.FrameworkManager           A CWWKE0001I: The server worklight has been launched.
[1/27/16 16:52:41:875 CST] 00000001 com.ibm.ws.kernel.launch.internal.FrameworkManager           I CWWKE0002I: The kernel started after 3.793 seconds
[1/27/16 16:52:42:522 CST] 0000001b com.ibm.ws.kernel.feature.internal.FeatureManager            I CWWKF0007I: Feature update started.
[1/27/16 16:52:47:107 CST] 00000011 com.ibm.ws.security.internal.SecurityReadyServiceImpl        I CWWKS0007I: The security service is starting...
[1/27/16 16:52:48:302 CST] 00000011 com.ibm.ws.app.manager.internal.monitor.DropinMonitor        A CWWKZ0058I: Monitoring dropins for applications. 
[1/27/16 16:52:48:346 CST] 00000014 com.ibm.ws.ssl.config.WSKeyStore                             I CWPKI0802I: Creating the SSL certificate. This may take a few seconds.
[1/27/16 16:52:49:033 CST] 0000001f com.ibm.ws.tcpchannel.internal.TCPChannel                    I CWWKO0219I: TCP Channel defaultHttpEndpoint has been started and is now listening for requests on host *  (IPv6) port 10080.
[1/27/16 16:52:49:644 CST] 00000023 com.ibm.ws.security.token.ltpa.internal.LTPAKeyInfoManager   I CWWKS4103I: Creating the LTPA keys. This may take a few seconds.
[1/27/16 16:52:49:686 CST] 00000011 com.ibm.ws.cache.ServerCache                                 I DYNA1001I: WebSphere Dynamic Cache instance named baseCache initialized successfully.
[1/27/16 16:52:49:688 CST] 00000011 com.ibm.ws.cache.ServerCache                                 I DYNA1071I: The cache provider default is being used.
[1/27/16 16:52:49:690 CST] 00000011 com.ibm.ws.cache.CacheServiceImpl                            I DYNA1056I: Dynamic Cache (object cache) initialized successfully.
[1/27/16 16:52:51:223 CST] 00000024 com.ibm.ws.webcontainer.osgi.webapp.WebGroup                 I SRVE0169I: Loading Web Module: IBMJMXConnectorREST.
[1/27/16 16:52:51:227 CST] 00000024 com.ibm.ws.webcontainer                                      I SRVE0250I: Web Module IBMJMXConnectorREST has been bound to default_host.
[1/27/16 16:52:51:230 CST] 00000024 com.ibm.ws.http.internal.VirtualHostImpl                     A CWWKT0016I: Web application available (default_host): http://pbd31la.gdl.mex.ibm.com:10080/IBMJMXConnectorREST/
[1/27/16 16:52:51:471 CST] 00000024 com.ibm.ws.session.WASSessionCore                            I SESN8501I: The session manager did not find a persistent storage location; HttpSession objects will be stored in the local application server's memory.
[1/27/16 16:52:51:475 CST] 00000024 com.ibm.ws.session.WASSessionCore                            I SESN0176I: A new session context will be created for application key default_host/IBMJMXConnectorREST
[1/27/16 16:52:51:517 CST] 00000024 com.ibm.ws.util                                              I SESN0172I: The session manager is using the Java default SecureRandom implementation for session ID generation.
[1/27/16 16:52:51:595 CST] 00000024 com.ibm.ws.cache.CacheServiceImpl                            I DYNA1056I: Dynamic Cache (object cache) initialized successfully.
[1/27/16 16:52:51:997 CST] 00000024 apache.wink.server.internal.application.ApplicationProcessor I The following JAX-RS application has been processed: com.ibm.ws.jaxrs.webcontainer.JAXRSDefaultApplicationSubclassProxy
[1/27/16 16:52:51:998 CST] 00000024 org.apache.wink.server.internal.log.Resources                I The server has registered the JAX-RS resource class com.ibm.ws.jmx.connector.server.rest.resources.FileTransferRouterResource with @Path(/fileTransfer/router/{filePath}).
[1/27/16 16:52:51:998 CST] 00000024 org.apache.wink.server.internal.log.Resources                I The server has registered the JAX-RS resource class com.ibm.ws.jmx.connector.server.rest.resources.AttributeResource with @Path(/mbeans/{objectName}/attributes).
[1/27/16 16:52:51:999 CST] 00000024 org.apache.wink.server.internal.log.Resources                I The server has registered the JAX-RS resource class com.ibm.ws.jmx.connector.server.rest.resources.FileCollectionResource with @Path(/file/collection).
[1/27/16 16:52:51:999 CST] 00000024 org.apache.wink.server.internal.log.Resources                I The server has registered the JAX-RS resource class com.ibm.ws.jmx.connector.server.rest.resources.FileTransferResource with @Path(/fileTransfer/{filePath}).
[1/27/16 16:52:51:999 CST] 00000024 org.apache.wink.server.internal.log.Resources                I The server has registered the JAX-RS resource class com.ibm.ws.jmx.connector.server.rest.resources.NotificationResource with @Path(/notifications).
[1/27/16 16:52:51:999 CST] 00000024 org.apache.wink.server.internal.log.Resources                I The server has registered the JAX-RS resource class com.ibm.ws.jmx.connector.server.rest.resources.FileStatusResource with @Path(/file/status).
[1/27/16 16:52:51:999 CST] 00000024 org.apache.wink.server.internal.log.Resources                I The server has registered the JAX-RS resource class com.ibm.ws.jmx.connector.server.rest.resources.MBeanRouterResource with @Path(/router).
[1/27/16 16:52:51:999 CST] 00000024 org.apache.wink.server.internal.log.Resources                I The server has registered the JAX-RS resource class com.ibm.ws.jmx.connector.server.rest.resources.MBeanResource with @Path(/mbeans).
[1/27/16 16:52:51:999 CST] 00000024 org.apache.wink.server.internal.log.Resources                I The server has registered the JAX-RS resource class com.ibm.ws.jmx.connector.server.rest.resources.FileResource with @Path(/file/{filePath}).
[1/27/16 16:52:52:000 CST] 00000024 org.apache.wink.server.internal.log.Resources                I The server has registered the JAX-RS resource class com.ibm.ws.jmx.connector.server.rest.resources.JMXResource with @Path().
[1/27/16 16:52:52:002 CST] 00000024 org.apache.wink.server.internal.log.Providers                I The class com.ibm.ws.jmx.connector.server.rest.providers.JSONErrorOutputStreamProvider was registered as a JAX-RS MessageBodyWriter provider for com.ibm.ws.jmx.connector.server.rest.providers.JSONErrorOutputStream Java types and application/json media types.
[1/27/16 16:52:52:165 CST] 00000023 com.ibm.ws.security.token.ltpa.internal.LTPAKeyInfoManager   A CWWKS4104A: LTPA keys created in 2.521 seconds. LTPA key file: C:/Users/IBM_ADMIN/Documents/WorkSpaces/IBM/MobileFirstServerConfig/servers/worklight/resources/security/ltpa.keys
[1/27/16 16:52:52:179 CST] 00000023 com.ibm.ws.security.internal.SecurityReadyServiceImpl        I CWWKS0008I: The security service is ready.
[1/27/16 16:52:52:182 CST] 00000023 com.ibm.ws.security.token.ltpa.internal.LTPAKeyCreator       I CWWKS4105I: LTPA configuration is ready after 2.560 seconds.
[1/27/16 16:52:52:461 CST] 00000014 com.ibm.ws.ssl.config.WSKeyStore                             A CWPKI0803A: SSL certificate created in 4.115 seconds. SSL key file: C:/Users/IBM_ADMIN/Documents/WorkSpaces/IBM/MobileFirstServerConfig/servers/worklight/resources/security/key.jks
[1/27/16 16:52:52:633 CST] 00000024 com.ibm.ws.webcontainer.servlet                              I SRVE0242I: [com.ibm.ws.jmx.connector.server.rest] [/IBMJMXConnectorREST] [MBeanServerConnector]: Initialization successful.
[1/27/16 16:52:52:636 CST] 0000002e com.ibm.ws.tcpchannel.internal.TCPChannel                    I CWWKO0219I: TCP Channel defaultHttpEndpoint-ssl has been started and is now listening for requests on host *  (IPv6) port 10443.
[1/27/16 16:52:52:733 CST] 0000002e com.ibm.ws.jmx.connector.server.rest.RESTAppListener         I CWWKX0103I: The JMX REST connector is running and is available at the following service URL: service:jmx:rest://pbd31la.gdl.mex.ibm.com:10443/IBMJMXConnectorREST
[1/27/16 16:52:52:813 CST] 00000032 com.ibm.ws.app.manager.AppMessageHelper                      I CWWKZ0018I: Starting application _MobileBrowserSimulator.
[1/27/16 16:52:52:840 CST] 0000002e com.ibm.ws.jmx.connector.server.rest.RESTAppListener         I CWWKX0103I: The JMX REST connector is running and is available at the following service URL: service:jmx:rest://pbd31la.gdl.mex.ibm.com:10443/IBMJMXConnectorREST
[1/27/16 16:52:52:813 CST] 00000030 com.ibm.ws.app.manager.AppMessageHelper                      I CWWKZ0018I: Starting application WorklightServices.
[1/27/16 16:52:53:115 CST] 00000032 com.ibm.ws.webcontainer.osgi.webapp.WebGroup                 I SRVE0169I: Loading Web Module: _MobileBrowserSimulator.
[1/27/16 16:52:53:115 CST] 00000032 com.ibm.ws.webcontainer                                      I SRVE0250I: Web Module _MobileBrowserSimulator has been bound to default_host.
[1/27/16 16:52:53:115 CST] 00000032 com.ibm.ws.http.internal.VirtualHostImpl                     A CWWKT0016I: Web application available (default_host): http://pbd31la.gdl.mex.ibm.com:10080/_MobileBrowserSimulator/
[1/27/16 16:52:53:120 CST] 00000032 com.ibm.ws.session.WASSessionCore                            I SESN0176I: A new session context will be created for application key default_host/_MobileBrowserSimulator
[1/27/16 16:52:53:120 CST] 00000032 com.ibm.ws.util                                              I SESN0172I: The session manager is using the Java default SecureRandom implementation for session ID generation.
[1/27/16 16:52:53:128 CST] 00000032 com.ibm.ws.jsp                                               I JSPG8502I: The value of the JSP attribute jdkSourceLevel is "15".
[1/27/16 16:52:53:184 CST] 00000032 com.ibm.ws.app.manager.AppMessageHelper                      A CWWKZ0001I: Application _MobileBrowserSimulator started in 0.371 seconds.
[1/27/16 16:52:53:189 CST] 00000028 com.ibm.ws.app.manager.AppMessageHelper                      I CWWKZ0018I: Starting application AnalyticsUI.
[1/27/16 16:52:53:196 CST] 00000031 com.ibm.ws.app.manager.AppMessageHelper                      I CWWKZ0018I: Starting application Atoms1.
[1/27/16 16:52:53:680 CST] 00000033 com.ibm.ws.app.manager.AppMessageHelper                      I CWWKZ0018I: Starting application WorklightConsole.
[1/27/16 16:52:53:732 CST] 0000002f com.ibm.ws.app.manager.AppMessageHelper                      I CWWKZ0018I: Starting application AnalyticsServices.
[1/27/16 16:52:54:493 CST] 00000031 com.ibm.ws.webcontainer.osgi.webapp.WebGroup                 I SRVE0169I: Loading Web Module: Worklight.
[1/27/16 16:52:54:493 CST] 00000031 com.ibm.ws.webcontainer                                      I SRVE0250I: Web Module Worklight has been bound to default_host.
[1/27/16 16:52:54:493 CST] 00000031 com.ibm.ws.http.internal.VirtualHostImpl                     A CWWKT0016I: Web application available (default_host): http://pbd31la.gdl.mex.ibm.com:10080/Atoms1/
[1/27/16 16:52:56:361 CST] 00000031 com.ibm.ws.session.WASSessionCore                            I SESN0176I: A new session context will be created for application key default_host/Atoms1
[1/27/16 16:52:56:361 CST] 00000031 com.ibm.ws.util                                              I SESN0172I: The session manager is using the Java default SecureRandom implementation for session ID generation.
[1/27/16 16:52:56:362 CST] 00000031 com.ibm.ws.jsp                                               I JSPG8502I: The value of the JSP attribute jdkSourceLevel is "15".
[1/27/16 16:52:56:392 CST] 0000002f m.ibm.ws.container.service.app.deploy.ManifestClassPathUtils W SRVE9967W: The manifest class path xml-apis.jar can not be found in jar file wsjar:file:/C:/Users/IBM_ADMIN/Documents/WorkSpaces/IBM/MobileFirstServerConfig/servers/worklight/apps/analytics-service.war!/WEB-INF/lib/serializer-2.7.2.jar or its parent.
[1/27/16 16:52:57:851 CST] 00000028 com.ibm.ws.webcontainer.osgi.webapp.WebGroup                 I SRVE0169I: Loading Web Module: analytics.
[1/27/16 16:52:57:852 CST] 00000028 com.ibm.ws.webcontainer                                      I SRVE0250I: Web Module analytics has been bound to default_host.
[1/27/16 16:52:57:866 CST] 00000028 com.ibm.ws.http.internal.VirtualHostImpl                     A CWWKT0016I: Web application available (default_host): http://pbd31la.gdl.mex.ibm.com:10080/analytics/
[1/27/16 16:52:57:869 CST] 00000028 com.ibm.ws.session.WASSessionCore                            I SESN0176I: A new session context will be created for application key default_host/analytics
[1/27/16 16:52:57:869 CST] 00000028 com.ibm.ws.util                                              I SESN0172I: The session manager is using the Java default SecureRandom implementation for session ID generation.
[1/27/16 16:52:57:872 CST] 00000028 com.ibm.ws.jsp                                               I JSPG8502I: The value of the JSP attribute jdkSourceLevel is "15".
[1/27/16 16:52:58:333 CST] 00000031 com.worklight.common.util.JNDIFromPropertiesUtil             I Using JNDI configuration conf/jndi/default.properties
[1/27/16 16:52:58:548 CST] 00000031 com.worklight.server.bundle.project.JeeProjectActivator      I FWLST0024I: Scanning jar: jar:file:/C:/Users/IBM_ADMIN/Documents/WorkSpaces/IBM/MobileFirstServerConfig/shared/resources/worklight-jee-library-7.1.0.jar!/conf/db.default.properties  [project Atoms1]
[1/27/16 16:52:58:548 CST] 00000031 com.worklight.server.bundle.project.JeeProjectActivator      I FWLST0024I: Scanning jar: jar:file:/C:/Users/IBM_ADMIN/Documents/WorkSpaces/IBM/MobileFirstServerConfig/shared/resources/worklight-jee-library-7.1.0.jar!/conf/worklight.properties  [project Atoms1]
[1/27/16 16:52:58:549 CST] 00000031 com.worklight.server.bundle.project.JeeProjectActivator      I FWLST0024I: Scanning jar: jar:file:/C:/Users/IBM_ADMIN/Documents/WorkSpaces/IBM/MobileFirstServerConfig/servers/worklight/apps/Atoms1.war!/WEB-INF/classes/conf/worklight.properties  [project Atoms1]
[1/27/16 16:52:59:092 CST] 00000031 com.worklight.server.bundle.api.WorklightConfiguration       I FWLSE4006I: IBM MobileFirst Platform Studio is running in 'development' mode. [project Atoms1]
[1/27/16 16:52:59:102 CST] 00000031 .worklight.server.bundle.project.ProjectConfigurationFactory W Using empty value for configuration property 'wl.analytics.logs.packages'
[1/27/16 16:52:59:125 CST] 00000038 com.worklight.server.bundle.project.JeeProjectActivator      I FWLST0022I: Worklight project async start = true
[1/27/16 16:52:59:238 CST] 00000028 com.ibm.ws.webcontainer.servlet                              I SRVE0242I: [AnalyticsUI] [/analytics] [utilityServlet]: Initialization successful.
[1/27/16 16:52:59:241 CST] 00000028 com.ibm.ws.webcontainer.servlet                              I SRVE0242I: [AnalyticsUI] [/analytics] [servicesServlet]: Initialization successful.
[1/27/16 16:52:59:242 CST] 00000028 com.ibm.ws.app.manager.AppMessageHelper                      A CWWKZ0001I: Application AnalyticsUI started in 6.053 seconds.
[1/27/16 16:52:59:245 CST] 00000031 apache.wink.server.internal.application.ApplicationProcessor I The following JAX-RS application has been processed: com.ibm.ws.jaxrs.webcontainer.JAXRSDefaultApplicationSubclassProxy
[1/27/16 16:52:59:245 CST] 00000031 org.apache.wink.server.internal.log.Resources                I The server has registered the JAX-RS resource class com.worklight.authorization.endpoint.registration.AppInstanceRegistrationEndpoint with @Path(/v1/clients/instance/).
[1/27/16 16:52:59:245 CST] 00000031 org.apache.wink.server.internal.log.Resources                I The server has registered the JAX-RS resource class com.worklight.authorization.endpoint.validation.TokenValidationEndpoint with @Path(/v1/token/validation).
[1/27/16 16:52:59:245 CST] 00000031 org.apache.wink.server.internal.log.Resources                I The server has registered the JAX-RS resource class com.worklight.authorization.endpoint.registration.PreviewRegistrationEndpoint with @Path(/v1/clients/preview/).
[1/27/16 16:52:59:245 CST] 00000031 org.apache.wink.server.internal.log.Resources                I The server has registered the JAX-RS resource class com.worklight.authorization.endpoint.authorization.AuthorizationEndpoint with @Path(/v1/authorization).
[1/27/16 16:52:59:246 CST] 00000031 org.apache.wink.server.internal.log.Resources                I The server has registered the JAX-RS resource class com.worklight.authorization.endpoint.publickey.PublicKeyEndpoint with @Path(/v1/publickey).
[1/27/16 16:52:59:246 CST] 00000031 org.apache.wink.server.internal.log.Resources                I The server has registered the JAX-RS resource class com.worklight.authorization.endpoint.testtoken.TestTokenEndpoint with @Path(/v1/testtoken).
[1/27/16 16:52:59:246 CST] 00000031 org.apache.wink.server.internal.log.Resources                I The server has registered the JAX-RS resource class com.worklight.authorization.endpoint.token.TokenEndpoint with @Path(/v1/token).
[1/27/16 16:52:59:246 CST] 00000031 org.apache.wink.server.internal.log.Providers                I There are no custom JAX-RS providers defined in the application.
[1/27/16 16:52:59:312 CST] 00000031 com.ibm.ws.webcontainer.servlet                              I SRVE0242I: [Atoms1] [/Atoms1] [OAuthAuthorizationServer]: Initialization successful.
[1/27/16 16:52:59:329 CST] 00000038 com.worklight.server.bundle.project.JeeProjectActivator      I FWLST0001I: Worklight home folder is C:\Users\IBM_ADMIN\Documents\WorkSpaces\IBM\MobileFirstServerConfig\servers\worklight\workarea\org.eclipse.osgi\84\data\temp\default_node\SMF_WebContainer\Atoms1\Atoms1 [project Atoms1]
[1/27/16 16:52:59:445 CST] 00000038 ingframework.context.support.FileSystemXmlApplicationContext I Refreshing org.springframework.context.support.FileSystemXmlApplicationContext@34c796cf: startup date [Wed Jan 27 16:52:59 CST 2016]; root of context hierarchy
[1/27/16 16:52:59:548 CST] 00000031 apache.wink.server.internal.application.ApplicationProcessor I The following JAX-RS application has been processed: com.ibm.ws.jaxrs.webcontainer.JAXRSDefaultApplicationSubclassProxy
[1/27/16 16:52:59:549 CST] 00000031 org.apache.wink.server.internal.log.Resources                I The server has registered the JAX-RS resource class com.ibm.pushworks.server.rest.resources.PushResourceRouter with @Path(/).
[1/27/16 16:52:59:549 CST] 00000031 org.apache.wink.server.internal.log.Providers                I The class com.fasterxml.jackson.jaxrs.json.JacksonJsonProvider was registered as a JAX-RS MessageBodyReader provider for all Java types and */* media types.
[1/27/16 16:52:59:549 CST] 00000031 org.apache.wink.server.internal.log.Providers                I The class com.fasterxml.jackson.jaxrs.json.JacksonJsonProvider was registered as a JAX-RS MessageBodyWriter provider for all Java types and */* media types.
[1/27/16 16:52:59:549 CST] 00000031 org.apache.wink.server.internal.log.Providers                I The class com.ibm.pushworks.server.rest.response.PushWorksServerExceptionWriter was registered as a JAX-RS ExceptionMapper provider for com.ibm.pushworks.server.exceptions.PushWorksException Java types.
[1/27/16 16:52:59:574 CST] 00000031 com.ibm.ws.webcontainer.servlet                              I SRVE0242I: [Atoms1] [/Atoms1] [PushWorksApplication]: Initialization successful.
[1/27/16 16:52:59:611 CST] 00000031 apache.wink.server.internal.application.ApplicationProcessor I The following JAX-RS application has been processed: com.ibm.ws.jaxrs.webcontainer.JAXRSDefaultApplicationSubclassProxy
[1/27/16 16:52:59:611 CST] 00000038 rg.springframework.beans.factory.xml.XmlBeanDefinitionReader I Loading XML bean definitions from URL [wsjar:file:/C:/Users/IBM_ADMIN/Documents/WorkSpaces/IBM/MobileFirstServerConfig/shared/resources/worklight-jee-library-7.1.0.jar!/conf/spring-server-core.xml]
[1/27/16 16:52:59:611 CST] 00000031 org.apache.wink.server.internal.log.Resources                I The server has registered the JAX-RS resource class com.worklight.oauth.TokenValidationEndpoint with @Path(/validation).
[1/27/16 16:52:59:611 CST] 00000031 org.apache.wink.server.internal.log.Resources                I The server has registered the JAX-RS resource class com.worklight.oauth.TokenEndpoint with @Path(/token).
[1/27/16 16:52:59:611 CST] 00000031 org.apache.wink.server.internal.log.Providers                I There are no custom JAX-RS providers defined in the application.
[1/27/16 16:52:59:626 CST] 00000031 com.ibm.ws.webcontainer.servlet                              I SRVE0242I: [Atoms1] [/Atoms1] [AuthorizationServer]: Initialization successful.
[1/27/16 16:52:59:636 CST] 00000031 com.ibm.ws.app.manager.AppMessageHelper                      A CWWKZ0001I: Application Atoms1 started in 6.440 seconds.
[1/27/16 16:52:59:817 CST] 00000038 rg.springframework.beans.factory.xml.XmlBeanDefinitionReader I Loading XML bean definitions from URL [wsjar:file:/C:/Users/IBM_ADMIN/Documents/WorkSpaces/IBM/MobileFirstServerConfig/shared/resources/worklight-jee-library-7.1.0.jar!/conf/core.xml]
[1/27/16 16:52:59:880 CST] 00000038 rg.springframework.beans.factory.xml.XmlBeanDefinitionReader I Loading XML bean definitions from URL [wsjar:file:/C:/Users/IBM_ADMIN/Documents/WorkSpaces/IBM/MobileFirstServerConfig/shared/resources/worklight-jee-library-7.1.0.jar!/conf/integration.xml]
[1/27/16 16:52:59:898 CST] 00000038 rg.springframework.beans.factory.xml.XmlBeanDefinitionReader I Loading XML bean definitions from URL [wsjar:file:/C:/Users/IBM_ADMIN/Documents/WorkSpaces/IBM/MobileFirstServerConfig/shared/resources/worklight-jee-library-7.1.0.jar!/conf/gadgets.xml]
[1/27/16 16:52:59:923 CST] 00000038 rg.springframework.beans.factory.xml.XmlBeanDefinitionReader I Loading XML bean definitions from URL [wsjar:file:/C:/Users/IBM_ADMIN/Documents/WorkSpaces/IBM/MobileFirstServerConfig/shared/resources/worklight-jee-library-7.1.0.jar!/conf/pushworks.xml]
[1/27/16 16:52:59:943 CST] 00000038 ngframework.beans.factory.support.DefaultListableBeanFactory I Overriding bean definition for bean 'gadgetCustomizedResourcesRoot': replacing [Generic bean: class [com.worklight.core.util.WorkingDirectory]; scope=; abstract=false; lazyInit=false; autowireMode=0; dependencyCheck=0; autowireCandidate=true; primary=false; factoryBeanName=null; factoryMethodName=null; initMethodName=null; destroyMethodName=null; defined in URL [wsjar:file:/C:/Users/IBM_ADMIN/Documents/WorkSpaces/IBM/MobileFirstServerConfig/shared/resources/worklight-jee-library-7.1.0.jar!/conf/gadgets.xml]] with [Generic bean: class [com.worklight.core.util.WorkingDirectory]; scope=; abstract=false; lazyInit=false; autowireMode=0; dependencyCheck=0; autowireCandidate=true; primary=false; factoryBeanName=null; factoryMethodName=null; initMethodName=null; destroyMethodName=null; defined in URL [wsjar:file:/C:/Users/IBM_ADMIN/Documents/WorkSpaces/IBM/MobileFirstServerConfig/shared/resources/worklight-jee-library-7.1.0.jar!/conf/spring-server-core.xml]]
[1/27/16 16:52:59:944 CST] 00000038 ngframework.beans.factory.support.DefaultListableBeanFactory I Overriding bean definition for bean 'gadgetResourcesRoot': replacing [Generic bean: class [com.worklight.core.util.WorkingDirectory]; scope=; abstract=false; lazyInit=false; autowireMode=0; dependencyCheck=0; autowireCandidate=true; primary=false; factoryBeanName=null; factoryMethodName=null; initMethodName=null; destroyMethodName=null; defined in URL [wsjar:file:/C:/Users/IBM_ADMIN/Documents/WorkSpaces/IBM/MobileFirstServerConfig/shared/resources/worklight-jee-library-7.1.0.jar!/conf/gadgets.xml]] with [Generic bean: class [com.worklight.core.util.WorkingDirectory]; scope=; abstract=false; lazyInit=false; autowireMode=0; dependencyCheck=0; autowireCandidate=true; primary=false; factoryBeanName=null; factoryMethodName=null; initMethodName=null; destroyMethodName=null; defined in URL [wsjar:file:/C:/Users/IBM_ADMIN/Documents/WorkSpaces/IBM/MobileFirstServerConfig/shared/resources/worklight-jee-library-7.1.0.jar!/conf/spring-server-core.xml]]
[1/27/16 16:52:59:954 CST] 00000038 rg.springframework.beans.factory.xml.XmlBeanDefinitionReader I Loading XML bean definitions from URL [wsjar:file:/C:/Users/IBM_ADMIN/Documents/WorkSpaces/IBM/MobileFirstServerConfig/shared/resources/worklight-jee-library-7.1.0.jar!/conf/jpa.xml]
[1/27/16 16:53:00:289 CST] 0000002f m.ibm.ws.container.service.app.deploy.ManifestClassPathUtils W SRVE9967W: The manifest class path xercesImpl.jar can not be found in jar file wsjar:file:/C:/Users/IBM_ADMIN/Documents/WorkSpaces/IBM/MobileFirstServerConfig/servers/worklight/apps/analytics-service.war!/WEB-INF/lib/xalan-2.7.2.jar or its parent.
[1/27/16 16:53:00:289 CST] 0000002f m.ibm.ws.container.service.app.deploy.ManifestClassPathUtils W SRVE9967W: The manifest class path xml-apis.jar can not be found in jar file wsjar:file:/C:/Users/IBM_ADMIN/Documents/WorkSpaces/IBM/MobileFirstServerConfig/servers/worklight/apps/analytics-service.war!/WEB-INF/lib/xalan-2.7.2.jar or its parent.
[1/27/16 16:53:00:290 CST] 0000002f m.ibm.ws.container.service.app.deploy.ManifestClassPathUtils W SRVE9967W: The manifest class path serializer.jar can not be found in jar file wsjar:file:/C:/Users/IBM_ADMIN/Documents/WorkSpaces/IBM/MobileFirstServerConfig/servers/worklight/apps/analytics-service.war!/WEB-INF/lib/xalan-2.7.2.jar or its parent.
[1/27/16 16:53:01:542 CST] 00000038 com.worklight.server.database.api.WorklightDataSource        I FWLSE0187I: jdbc/WorklightReportsDS data source is disabled. No connection opened.  [project Atoms1]
[1/27/16 16:53:01:605 CST] 00000038 ringframework.orm.jpa.LocalContainerEntityManagerFactoryBean I Building JPA container EntityManagerFactory for persistence unit 'WorklightReportsPU'
[1/27/16 16:53:01:908 CST] 00000038 SystemErr                                                    R 27  WorklightReportsPU  WARN   [Worklight runtime initialization for context=/Atoms1] openjpa.Runtime - An error occurred while registering a ClassTransformer with PersistenceUnitInfo: name 'WorklightReportsPU', root URL [file:/C:/Users/IBM_ADMIN/Documents/WorkSpaces/IBM/MobileFirstServerConfig/shared/resources/worklight-jee-library-7.1.0.jar]. The error has been consumed. To see it, set your openjpa.Runtime log level to TRACE. Load-time class transformation will not be available.
[1/27/16 16:53:02:811 CST] 00000038 hsqldb.db.HSQLDB52854A42AE.ENGINE                            I Checkpoint start
[1/27/16 16:53:02:811 CST] 00000038 hsqldb.db.HSQLDB52854A42AE.ENGINE                            I checkpointClose start
[1/27/16 16:53:03:736 CST] 00000033 m.ibm.ws.container.service.app.deploy.ManifestClassPathUtils W SRVE9967W: The manifest class path jaxb-api.jar can not be found in jar file wsjar:file:/C:/Users/IBM_ADMIN/Documents/WorkSpaces/IBM/MobileFirstServerConfig/servers/worklight/apps/worklight-management-ui.war!/WEB-INF/lib/jaxb-impl-2.1.12.osgi.jar or its parent.
[1/27/16 16:53:03:737 CST] 00000033 m.ibm.ws.container.service.app.deploy.ManifestClassPathUtils W SRVE9967W: The manifest class path activation.jar can not be found in jar file wsjar:file:/C:/Users/IBM_ADMIN/Documents/WorkSpaces/IBM/MobileFirstServerConfig/servers/worklight/apps/worklight-management-ui.war!/WEB-INF/lib/jaxb-impl-2.1.12.osgi.jar or its parent.
[1/27/16 16:53:03:737 CST] 00000033 m.ibm.ws.container.service.app.deploy.ManifestClassPathUtils W SRVE9967W: The manifest class path jsr173_1.0_api.jar can not be found in jar file wsjar:file:/C:/Users/IBM_ADMIN/Documents/WorkSpaces/IBM/MobileFirstServerConfig/servers/worklight/apps/worklight-management-ui.war!/WEB-INF/lib/jaxb-impl-2.1.12.osgi.jar or its parent.
[1/27/16 16:53:03:737 CST] 00000033 m.ibm.ws.container.service.app.deploy.ManifestClassPathUtils W SRVE9967W: The manifest class path jaxb1-impl.jar can not be found in jar file wsjar:file:/C:/Users/IBM_ADMIN/Documents/WorkSpaces/IBM/MobileFirstServerConfig/servers/worklight/apps/worklight-management-ui.war!/WEB-INF/lib/jaxb-impl-2.1.12.osgi.jar or its parent.
[1/27/16 16:53:04:674 CST] 00000038 hsqldb.db.HSQLDB52854A42AE.ENGINE                            I checkpointClose end
[1/27/16 16:53:05:506 CST] 00000033 m.ibm.ws.container.service.app.deploy.ManifestClassPathUtils W SRVE9967W: The manifest class path jaxb-api.jar can not be found in jar file wsjar:file:/C:/Users/IBM_ADMIN/Documents/WorkSpaces/IBM/MobileFirstServerConfig/servers/worklight/apps/worklight-management-ui.war!/WEB-INF/lib/jaxb-impl-2.1.12.osgi.jar or its parent.
[1/27/16 16:53:05:507 CST] 00000033 m.ibm.ws.container.service.app.deploy.ManifestClassPathUtils W SRVE9967W: The manifest class path activation.jar can not be found in jar file wsjar:file:/C:/Users/IBM_ADMIN/Documents/WorkSpaces/IBM/MobileFirstServerConfig/servers/worklight/apps/worklight-management-ui.war!/WEB-INF/lib/jaxb-impl-2.1.12.osgi.jar or its parent.
[1/27/16 16:53:05:507 CST] 00000033 m.ibm.ws.container.service.app.deploy.ManifestClassPathUtils W SRVE9967W: The manifest class path jsr173_1.0_api.jar can not be found in jar file wsjar:file:/C:/Users/IBM_ADMIN/Documents/WorkSpaces/IBM/MobileFirstServerConfig/servers/worklight/apps/worklight-management-ui.war!/WEB-INF/lib/jaxb-impl-2.1.12.osgi.jar or its parent.
[1/27/16 16:53:05:508 CST] 00000033 m.ibm.ws.container.service.app.deploy.ManifestClassPathUtils W SRVE9967W: The manifest class path jaxb1-impl.jar can not be found in jar file wsjar:file:/C:/Users/IBM_ADMIN/Documents/WorkSpaces/IBM/MobileFirstServerConfig/servers/worklight/apps/worklight-management-ui.war!/WEB-INF/lib/jaxb-impl-2.1.12.osgi.jar or its parent.
[1/27/16 16:53:05:949 CST] 00000038 hsqldb.db.HSQLDB52854A42AE.ENGINE                            I Checkpoint end
[1/27/16 16:53:06:005 CST] 00000030 m.ibm.ws.container.service.app.deploy.ManifestClassPathUtils W SRVE9967W: The manifest class path jaxb-api.jar can not be found in jar file wsjar:file:/C:/Users/IBM_ADMIN/Documents/WorkSpaces/IBM/MobileFirstServerConfig/servers/worklight/apps/worklight-management-service.war!/WEB-INF/lib/jaxb-impl-2.1.12.osgi.jar or its parent.
[1/27/16 16:53:06:005 CST] 00000030 m.ibm.ws.container.service.app.deploy.ManifestClassPathUtils W SRVE9967W: The manifest class path activation.jar can not be found in jar file wsjar:file:/C:/Users/IBM_ADMIN/Documents/WorkSpaces/IBM/MobileFirstServerConfig/servers/worklight/apps/worklight-management-service.war!/WEB-INF/lib/jaxb-impl-2.1.12.osgi.jar or its parent.
[1/27/16 16:53:06:006 CST] 00000030 m.ibm.ws.container.service.app.deploy.ManifestClassPathUtils W SRVE9967W: The manifest class path jsr173_1.0_api.jar can not be found in jar file wsjar:file:/C:/Users/IBM_ADMIN/Documents/WorkSpaces/IBM/MobileFirstServerConfig/servers/worklight/apps/worklight-management-service.war!/WEB-INF/lib/jaxb-impl-2.1.12.osgi.jar or its parent.
[1/27/16 16:53:06:006 CST] 00000030 m.ibm.ws.container.service.app.deploy.ManifestClassPathUtils W SRVE9967W: The manifest class path jaxb1-impl.jar can not be found in jar file wsjar:file:/C:/Users/IBM_ADMIN/Documents/WorkSpaces/IBM/MobileFirstServerConfig/servers/worklight/apps/worklight-management-service.war!/WEB-INF/lib/jaxb-impl-2.1.12.osgi.jar or its parent.
[1/27/16 16:53:06:040 CST] 00000038 ringframework.orm.jpa.LocalContainerEntityManagerFactoryBean I Building JPA container EntityManagerFactory for persistence unit 'WorklightPU'
[1/27/16 16:53:06:049 CST] 00000038 SystemErr                                                    R 0  WorklightPU  WARN   [Worklight runtime initialization for context=/Atoms1] openjpa.Runtime - An error occurred while registering a ClassTransformer with PersistenceUnitInfo: name 'WorklightPU', root URL [file:/C:/Users/IBM_ADMIN/Documents/WorkSpaces/IBM/MobileFirstServerConfig/shared/resources/worklight-jee-library-7.1.0.jar]. The error has been consumed. To see it, set your openjpa.Runtime log level to TRACE. Load-time class transformation will not be available.
[1/27/16 16:53:06:050 CST] 00000038 ngframework.beans.factory.support.DefaultListableBeanFactory I Pre-instantiating singletons in org.springframework.beans.factory.support.DefaultListableBeanFactory@30f0b518: defining beans [org.springframework.context.annotation.internalConfigurationAnnotationProcessor,org.springframework.context.annotation.internalAutowiredAnnotationProcessor,org.springframework.context.annotation.internalRequiredAnnotationProcessor,org.springframework.context.annotation.internalCommonAnnotationProcessor,org.springframework.context.annotation.internalPersistenceAnnotationProcessor,mailingService,WorkLightNotice,rssBrokerUtils,audit,GenericDAOFactory,GenericDAO,clusterSynchronizationDAOFactory,clusterSynchronizationDAO,taskCoordinator,taskManager,worklightAuthenticationService,loginConfigurationServiceBean,protectedResourceFactory,ssoDAOFactory,ssoDAO,ssoExpiredLoginContextsCleanupTask,keyStoreManager,authorizationServer,OAuthValidator,OAuthValidationFilter,authorizationStore,OAuthInternalFilter,JAXRSSandboxFactory,AdapterResourceFactory,wlServerAPI,securityAPI,adaptersAPI,configurationAPI,pushAPI,analyticsAPI,winkFrameworkSharedClassLoader,dataAccessService,shellResourcesService,analyticsService,coreServiceManager,adapterManager,nodeProcessManager,adapterManagementService,factProcessingTask,PlatformUsageProcessingTask,notificationCleanupTask,WSSecurityService,cloudantDatabaseFactory,cloudantDb,cloudantConnectorFactory,gadgetDAOFactory,gadgetDAO,userPrefDAOFactory,userPrefDAO,deviceDAOFactory,deviceDAO,licenseTermsDAOFactory,licenseTermsDAO,clientInstanceDAOFactory,clientInstanceDAO,licenseTermsAddressableDeviceDAOFactory,licenseTermsAddressableDeviceDAO,AttributeStoreDAOFactory,attributeStoreDAO,platformUsageService,configProfileService,gfwProps,gadgetEnvironmentManager,gadgetResourcesRoot,gadgetCustomizedResourcesRoot,applicationMetadataService,applicationManagementService,beaconService,notificationsSimulationManager,pushServiceListener,PushService,reportService,reportsDS,reportsBrokerDS,reportsSessionFactory,gadgetReportsDAO,notificationReportsDao,gadgetReportsService,analyticsFactService,analyticsSDKProvider,analyticsSDK,nodeInfo,registrationService,runtimeTransactionHandler,projectSyncService,xsConfiguration,attributeStoreFactory,attributeStoreDBCleanupTask,classCache,txManager,worklight-direct,rssBrokerDS,brokerSessionFactory,org.springframework.context.annotation.ConfigurationClassPostProcessor.importAwareProcessor]; root of factory hierarchy
[1/27/16 16:53:06:787 CST] 00000038 com.worklight.server.bundle.project.JeeProjectActivator      I FWLST0024I: Scanning jar: jar:file:/C:/Users/IBM_ADMIN/Documents/WorkSpaces/IBM/MobileFirstServerConfig/shared/resources/worklight-jee-library-7.1.0.jar!/conf/authenticationConfig.xml  [project Atoms1]
[1/27/16 16:53:07:189 CST] 00000038 com.worklight.server.bundle.project.JeeProjectActivator      I FWLST0024I: Scanning jar: jar:file:/C:/Users/IBM_ADMIN/Documents/WorkSpaces/IBM/MobileFirstServerConfig/servers/worklight/apps/Atoms1.war!/WEB-INF/classes/conf/authenticationConfig.xml  [project Atoms1]
[1/27/16 16:53:07:239 CST] 00000033 com.ibm.ws.webcontainer.osgi.webapp.WebGroup                 I SRVE0169I: Loading Web Module: Worklight Console.
[1/27/16 16:53:07:240 CST] 00000033 com.ibm.ws.webcontainer                                      I SRVE0250I: Web Module Worklight Console has been bound to default_host.
[1/27/16 16:53:07:240 CST] 00000033 com.ibm.ws.http.internal.VirtualHostImpl                     A CWWKT0016I: Web application available (default_host): http://pbd31la.gdl.mex.ibm.com:10080/worklightconsole/
[1/27/16 16:53:07:322 CST] 00000033 com.ibm.ws.session.WASSessionCore                            I SESN0176I: A new session context will be created for application key default_host/worklightconsole
[1/27/16 16:53:07:323 CST] 00000033 com.ibm.ws.util                                              I SESN0172I: The session manager is using the Java default SecureRandom implementation for session ID generation.
[1/27/16 16:53:07:324 CST] 00000033 com.ibm.ws.jsp                                               I JSPG8502I: The value of the JSP attribute jdkSourceLevel is "15".
[1/27/16 16:53:07:401 CST] 00000033 com.ibm.ws.webcontainer.servlet                              I SRVE0242I: [WorklightConsole] [/worklightconsole] [localeServlet]: Initialization successful.
[1/27/16 16:53:07:402 CST] 00000033 com.ibm.ws.webcontainer.servlet                              I SRVE0242I: [WorklightConsole] [/worklightconsole] [servicesServlet]: Initialization successful.
[1/27/16 16:53:07:404 CST] 00000033 com.ibm.ws.app.manager.AppMessageHelper                      A CWWKZ0001I: Application WorklightConsole started in 13.724 seconds.
[1/27/16 16:53:07:823 CST] 00000038 com.worklight.server.bundle.project.JeeProjectActivator      I FWLST0024I: Scanning jar: jar:file:/C:/Users/IBM_ADMIN/Documents/WorkSpaces/IBM/MobileFirstServerConfig/servers/worklight/apps/Atoms1.war!/WEB-INF/classes/conf/mfp-default.keystore  [project Atoms1]
[1/27/16 16:53:07:957 CST] 00000038 SystemErr                                                    R 1907  WorklightPU  INFO   [Worklight runtime initialization for context=/Atoms1] openjpa.Runtime - Starting OpenJPA 1.2.2
[1/27/16 16:53:08:027 CST] 00000038 SystemErr                                                    R 1978  WorklightPU  INFO   [Worklight runtime initialization for context=/Atoms1] openjpa.jdbc.JDBC - Using dictionary class "org.apache.openjpa.jdbc.sql.HSQLDictionary".
[1/27/16 16:53:10:464 CST] 00000038 com.worklight.authorization.server.AuthorizationServer       I FWLSE0364W : No configuration for trusted signing certificates. [project Atoms1]
[1/27/16 16:53:10:553 CST] 00000038 om.worklight.core.attrstore.DistributedAttributeStoreFactory I FWLSE0371I : This attribute store type is: com.worklight.core.attrstore.DBAttributeStoreManager [project Atoms1]
[1/27/16 16:53:10:573 CST] 00000038 om.worklight.core.attrstore.DistributedAttributeStoreFactory I FWLSE0351I: Session independent mode is set to 'true'. [project Atoms1]
[1/27/16 16:53:10:659 CST] 00000038 com.worklight.report.impl.GadgetReportsServiceImpl           I FWLSE0186I: Application raw reports are disabled. [project Atoms1]
[1/27/16 16:53:12:687 CST] 00000030 m.ibm.ws.container.service.app.deploy.ManifestClassPathUtils W SRVE9967W: The manifest class path jaxb-api.jar can not be found in jar file wsjar:file:/C:/Users/IBM_ADMIN/Documents/WorkSpaces/IBM/MobileFirstServerConfig/servers/worklight/apps/worklight-management-service.war!/WEB-INF/lib/jaxb-impl-2.1.12.osgi.jar or its parent.
[1/27/16 16:53:12:688 CST] 00000030 m.ibm.ws.container.service.app.deploy.ManifestClassPathUtils W SRVE9967W: The manifest class path activation.jar can not be found in jar file wsjar:file:/C:/Users/IBM_ADMIN/Documents/WorkSpaces/IBM/MobileFirstServerConfig/servers/worklight/apps/worklight-management-service.war!/WEB-INF/lib/jaxb-impl-2.1.12.osgi.jar or its parent.
[1/27/16 16:53:12:688 CST] 00000030 m.ibm.ws.container.service.app.deploy.ManifestClassPathUtils W SRVE9967W: The manifest class path jsr173_1.0_api.jar can not be found in jar file wsjar:file:/C:/Users/IBM_ADMIN/Documents/WorkSpaces/IBM/MobileFirstServerConfig/servers/worklight/apps/worklight-management-service.war!/WEB-INF/lib/jaxb-impl-2.1.12.osgi.jar or its parent.
[1/27/16 16:53:12:688 CST] 00000030 m.ibm.ws.container.service.app.deploy.ManifestClassPathUtils W SRVE9967W: The manifest class path jaxb1-impl.jar can not be found in jar file wsjar:file:/C:/Users/IBM_ADMIN/Documents/WorkSpaces/IBM/MobileFirstServerConfig/servers/worklight/apps/worklight-management-service.war!/WEB-INF/lib/jaxb-impl-2.1.12.osgi.jar or its parent.
[1/27/16 16:53:12:810 CST] 00000038 com.worklight.common.util.jmx.LibertyJMXRegister             I FWLSE2008I: MBean registration succeeded for: com.worklight.common.server.jmx.api:type=ProjectManagement,qualifier=Atoms1 [project Atoms1]
[1/27/16 16:53:12:856 CST] 00000038 com.worklight.core.auth.impl.AuthenticationFilter            I FWLSE0273I: Set sync required to 'true' [project Atoms1]
[1/27/16 16:53:12:862 CST] 00000038 com.worklight.common.util.jmx.LibertyRuntimeMBeanHandler     I Establishing REST connection to service:jmx:rest://localhost:10443/IBMJMXConnectorREST
[1/27/16 16:53:12:884 CST] 00000038 jmx.connector.client.rest.internal.RESTMBeanServerConnection I Value of retry post was already set: false
[1/27/16 16:53:13:755 CST] 00000038 com.worklight.common.util.jmx.LibertyRuntimeMBeanHandler     I Successful REST connection to service:jmx:rest://localhost:10443/IBMJMXConnectorREST
[1/27/16 16:53:14:836 CST] 00000030 com.ibm.ws.webcontainer.osgi.webapp.WebGroup                 I SRVE0169I: Loading Web Module: Worklight Administration Services.
[1/27/16 16:53:14:836 CST] 00000030 com.ibm.ws.webcontainer                                      I SRVE0250I: Web Module Worklight Administration Services has been bound to default_host.
[1/27/16 16:53:14:836 CST] 00000030 com.ibm.ws.http.internal.VirtualHostImpl                     A CWWKT0016I: Web application available (default_host): http://pbd31la.gdl.mex.ibm.com:10080/worklightadmin/
[1/27/16 16:53:15:629 CST] 00000030 com.ibm.ws.injectionengine.AbstractInjectionEngine           W CWNEN0070W: The javax.ws.rs.PathParam annotation class will not be recognized because it was loaded from the null location rather than from a product class loader.
[1/27/16 16:53:15:632 CST] 00000030 com.ibm.ws.injectionengine.AbstractInjectionEngine           W CWNEN0070W: The javax.ws.rs.HeaderParam annotation class will not be recognized because it was loaded from the null location rather than from a product class loader.
[1/27/16 16:53:15:632 CST] 00000030 com.ibm.ws.injectionengine.AbstractInjectionEngine           W CWNEN0070W: The javax.ws.rs.MatrixParam annotation class will not be recognized because it was loaded from the null location rather than from a product class loader.
[1/27/16 16:53:15:633 CST] 00000030 com.ibm.ws.injectionengine.AbstractInjectionEngine           W CWNEN0070W: The javax.ws.rs.QueryParam annotation class will not be recognized because it was loaded from the null location rather than from a product class loader.
[1/27/16 16:53:15:634 CST] 00000030 com.ibm.ws.injectionengine.AbstractInjectionEngine           W CWNEN0070W: The javax.ws.rs.CookieParam annotation class will not be recognized because it was loaded from the null location rather than from a product class loader.
[1/27/16 16:53:15:635 CST] 00000030 com.ibm.ws.injectionengine.AbstractInjectionEngine           W CWNEN0070W: The javax.ws.rs.core.Context annotation class will not be recognized because it was loaded from the null location rather than from a product class loader.
[1/27/16 16:53:15:748 CST] 00000030 com.ibm.ws.session.WASSessionCore                            I SESN0176I: A new session context will be created for application key default_host/worklightadmin
[1/27/16 16:53:15:748 CST] 00000030 com.ibm.ws.util                                              I SESN0172I: The session manager is using the Java default SecureRandom implementation for session ID generation.
[1/27/16 16:53:15:749 CST] 00000030 com.ibm.ws.jsp                                               I JSPG8502I: The value of the JSP attribute jdkSourceLevel is "15".
[1/27/16 16:53:16:494 CST] 00000030 com.ibm.ws.webcontainer.webapp                               I SRVE0292I: Servlet Message - [worklight-management-service]:.No Spring WebApplicationInitializer types detected on classpath
[1/27/16 16:53:16:610 CST] 00000030 com.ibm.ws.webcontainer.webapp                               I SRVE0292I: Servlet Message - [worklight-management-service]:.Initializing Spring root WebApplicationContext
[1/27/16 16:53:16:611 CST] 00000030 org.springframework.web.context.ContextLoader                I Root WebApplicationContext: initialization started
[1/27/16 16:53:16:788 CST] 00000030 springframework.web.context.support.XmlWebApplicationContext I Refreshing Root WebApplicationContext: startup date [Wed Jan 27 16:53:16 CST 2016]; root of context hierarchy
[1/27/16 16:53:16:866 CST] 00000030 rg.springframework.beans.factory.xml.XmlBeanDefinitionReader I Loading XML bean definitions from ServletContext resource [/WEB-INF/spring-management-service.xml]
[1/27/16 16:53:16:955 CST] 00000030 ngframework.beans.factory.support.DefaultListableBeanFactory I Pre-instantiating singletons in org.springframework.beans.factory.support.DefaultListableBeanFactory@341fb46f: defining beans [registrationServiceFactory]; root of factory hierarchy
[1/27/16 16:53:17:072 CST] 00000030 com.ibm.worklight.admin.common.util.ContextPropertyUtil      I Resource conf/jndi/default.properties not found. This is not an error. Context path is /worklightadmin
[1/27/16 16:53:17:073 CST] 00000030 com.ibm.worklight.admin.datastore.DataStoreUtil              I Read properties file. allProperties: {ibm.worklight.admin.db.jndi.name=java:comp/env/jdbc/WorklightAdminDS}
[1/27/16 16:53:17:082 CST] 00000030 com.ibm.worklight.admin.datastore.DataStoreUtil              I Handling propName=ibm.worklight.admin.db.jndi.name propValue=java:comp/env/jdbc/WorklightAdminDS
[1/27/16 16:53:17:083 CST] 00000030 com.ibm.worklight.admin.datastore.DataStoreUtil              I Handling propName=ibm.worklight.admin.db.openjpa.Log propValue=
[1/27/16 16:53:17:083 CST] 00000030 com.ibm.worklight.admin.datastore.DataStoreUtil              I Handling propName=ibm.worklight.admin.db.type propValue=
[1/27/16 16:53:17:291 CST] 00000030 com.ibm.ws.recoverylog.spi.RecoveryDirectorImpl              I CWRLS0010I: Performing recovery processing for local WebSphere server (Cell\Node\Server).
[1/27/16 16:53:17:328 CST] 0000005a com.ibm.ws.recoverylog.spi.LogHandle                         I CWRLS0007I: No existing recovery log files found in /C:/Users/IBM_ADMIN/Documents/WorkSpaces/IBM/MobileFirstServerConfig/servers/worklight/tranlog/\tranlog. Cold starting the recovery log.
[1/27/16 16:53:17:328 CST] 0000005a com.ibm.ws.recoverylog.spi.LogFileHandle                     I CWRLS0006I: Creating new recovery log file /C:/Users/IBM_ADMIN/Documents/WorkSpaces/IBM/MobileFirstServerConfig/servers/worklight/tranlog/\tranlog\log1.
[1/27/16 16:53:17:517 CST] 0000005a com.ibm.ws.recoverylog.spi.LogFileHandle                     I CWRLS0006I: Creating new recovery log file /C:/Users/IBM_ADMIN/Documents/WorkSpaces/IBM/MobileFirstServerConfig/servers/worklight/tranlog/\tranlog\log2.
[1/27/16 16:53:17:763 CST] 0000005a com.ibm.ws.recoverylog.spi.LogHandle                         I CWRLS0007I: No existing recovery log files found in /C:/Users/IBM_ADMIN/Documents/WorkSpaces/IBM/MobileFirstServerConfig/servers/worklight/tranlog/\partnerlog. Cold starting the recovery log.
[1/27/16 16:53:17:763 CST] 0000005a com.ibm.ws.recoverylog.spi.LogFileHandle                     I CWRLS0006I: Creating new recovery log file /C:/Users/IBM_ADMIN/Documents/WorkSpaces/IBM/MobileFirstServerConfig/servers/worklight/tranlog/\partnerlog\log1.
[1/27/16 16:53:18:008 CST] 0000005a com.ibm.ws.recoverylog.spi.LogFileHandle                     I CWRLS0006I: Creating new recovery log file /C:/Users/IBM_ADMIN/Documents/WorkSpaces/IBM/MobileFirstServerConfig/servers/worklight/tranlog/\partnerlog\log2.
[1/27/16 16:53:18:390 CST] 00000030 com.ibm.ws.recoverylog.spi.RecoveryDirectorImpl              I CWRLS0012I: All persistent services have been directed to perform recovery processing for this WebSphere server (Cell\Node\Server).
[1/27/16 16:53:18:390 CST] 0000005a com.ibm.tx.jta.impl.RecoveryManager                          I WTRN0135I: Transaction service recovering no transactions.
[1/27/16 16:53:21:951 CST] 0000001b com.ibm.ws.kernel.feature.internal.FeatureManager            A CWWKF0012I: The server installed the following features: [appSecurity-1.0, ldapRegistry-3.0, jdbc-4.0, ssl-1.0, localConnector-1.0, appSecurity-2.0, json-1.0, jsp-2.2, restConnector-1.0, servlet-3.0, jaxrs-1.1, jndi-1.0, distributedMap-1.0].
[1/27/16 16:53:21:951 CST] 0000001b com.ibm.ws.kernel.feature.internal.FeatureManager            I CWWKF0008I: Feature update completed in 40.074 seconds.
[1/27/16 16:53:21:952 CST] 0000001b com.ibm.ws.kernel.feature.internal.FeatureManager            A CWWKF0011I: The server worklight is ready to run a smarter planet.
[1/27/16 16:53:22:844 CST] 00000018 com.ibm.ws.app.manager.AppMessageHelper                      A CWWKZ0022W: Application WorklightServices has not started in 30.031 seconds.
[1/27/16 16:53:22:863 CST] 00000030 com.ibm.ws.rsadapter.spi.InternalGenericDataStoreHelper      I DSRA8203I: Database product name : Apache Derby
[1/27/16 16:53:22:866 CST] 00000030 com.ibm.ws.rsadapter.spi.InternalGenericDataStoreHelper      I DSRA8204I: Database product version : 10.8.2.2 - (1181258)
[1/27/16 16:53:22:866 CST] 00000030 com.ibm.ws.rsadapter.spi.InternalGenericDataStoreHelper      I DSRA8205I: JDBC driver name  : Apache Derby Embedded JDBC Driver
[1/27/16 16:53:22:866 CST] 00000030 com.ibm.ws.rsadapter.spi.InternalGenericDataStoreHelper      I DSRA8206I: JDBC driver version  : 10.8.2.2 - (1181258)
[1/27/16 16:53:22:900 CST] 00000030 com.ibm.worklight.admin.jpa.datastore.JPAStore               I Creating EntityManagerFactory for persistence-unit=WorklightManagementPU-derby with properties: {openjpa.ConnectionFactory=com.ibm.ws.rsadapter.jdbc.WSJdbcDataSource@6645a524, openjpa.jdbc.SynchronizeMappings=buildSchema(SchemaAction='add'), openjpa.ProxyManager=com.ibm.worklight.admin.jpa.CustomProxyManager}
[1/27/16 16:53:23:285 CST] 00000030 com.worklight.common.util.JNDIUtils                          I Resource conf/jndi/default.properties not found. This is not an error. Context path is __globalscope__
[1/27/16 16:53:23:347 CST] 00000030 com.worklight.common.util.jmx.LibertyJMXRegister             I FWLSE2008I: MBean registration succeeded for: com.worklight.common.server.jmx.api:type=WorklightAdmin,qualifier=worklightadmin
[1/27/16 16:53:23:354 CST] 00000030 SystemErr                                                    R 121  WorklightManagementPU-derby  INFO   [LargeThreadPool-thread-14] openjpa.Runtime - Starting OpenJPA 1.2.2
[1/27/16 16:53:23:514 CST] 00000030 SystemErr                                                    R 281  WorklightManagementPU-derby  INFO   [LargeThreadPool-thread-14] openjpa.jdbc.JDBC - Using dictionary class "org.apache.openjpa.jdbc.sql.DerbyDictionary" (Apache Derby 10.8.2.2 - (1181258) ,Apache Derby Embedded JDBC Driver 10.8.2.2 - (1181258)).
[1/27/16 16:53:23:734 CST] 00000017 com.ibm.ws.app.manager.AppMessageHelper                      A CWWKZ0022W: Application AnalyticsServices has not started in 30.002 seconds.
[1/27/16 16:53:24:328 CST] 0000006a com.ibm.worklight.admin.jmx.ManagementMXBeanImpl             I Accessing the ping service http://localhost:10080//worklightadmin/ping
[1/27/16 16:53:26:122 CST] 00000030 SystemErr                                                    R 2889  WorklightManagementPU-derby  INFO   [LargeThreadPool-thread-14] openjpa.Runtime - Though you are using optimistic transactions, OpenJPA is now beginning a datastore transaction because you have requested a lock on some data.
[1/27/16 16:53:26:171 CST] 00000030 org.springframework.web.context.ContextLoader                I Root WebApplicationContext: initialization completed in 9560 ms
[1/27/16 16:53:26:190 CST] 00000030 ht.admin.listeners.WorklightManagementServletContextListener I MobileFirst Administration Services servlet context listener initialized
[1/27/16 16:53:26:191 CST] 00000030 ht.admin.listeners.WorklightManagementServletContextListener I FWLSE3199I: ========= MobileFirst Administration Services version 7.1.0.00-20151227-1725 started.
[1/27/16 16:53:26:244 CST] 00000030 org.apache.wink.server.internal.servlet.RestServlet          I The system is using the com.ibm.worklight.admin.services.ManagementServiceServlet JAX-RS application class that is named in the javax.ws.rs.Application init-param initialization parameter.
[1/27/16 16:53:26:272 CST] 0000002f m.ibm.ws.container.service.app.deploy.ManifestClassPathUtils W SRVE9967W: The manifest class path xml-apis.jar can not be found in jar file wsjar:file:/C:/Users/IBM_ADMIN/Documents/WorkSpaces/IBM/MobileFirstServerConfig/servers/worklight/apps/analytics-service.war!/WEB-INF/lib/serializer-2.7.2.jar or its parent.
[1/27/16 16:53:26:294 CST] 0000002f m.ibm.ws.container.service.app.deploy.ManifestClassPathUtils W SRVE9967W: The manifest class path xercesImpl.jar can not be found in jar file wsjar:file:/C:/Users/IBM_ADMIN/Documents/WorkSpaces/IBM/MobileFirstServerConfig/servers/worklight/apps/analytics-service.war!/WEB-INF/lib/xalan-2.7.2.jar or its parent.
[1/27/16 16:53:26:294 CST] 0000002f m.ibm.ws.container.service.app.deploy.ManifestClassPathUtils W SRVE9967W: The manifest class path xml-apis.jar can not be found in jar file wsjar:file:/C:/Users/IBM_ADMIN/Documents/WorkSpaces/IBM/MobileFirstServerConfig/servers/worklight/apps/analytics-service.war!/WEB-INF/lib/xalan-2.7.2.jar or its parent.
[1/27/16 16:53:26:295 CST] 0000002f m.ibm.ws.container.service.app.deploy.ManifestClassPathUtils W SRVE9967W: The manifest class path serializer.jar can not be found in jar file wsjar:file:/C:/Users/IBM_ADMIN/Documents/WorkSpaces/IBM/MobileFirstServerConfig/servers/worklight/apps/analytics-service.war!/WEB-INF/lib/xalan-2.7.2.jar or its parent.
[1/27/16 16:53:26:425 CST] 00000030 apache.wink.server.internal.application.ApplicationProcessor I The following JAX-RS application has been processed: com.ibm.worklight.admin.services.ManagementServiceServlet
[1/27/16 16:53:26:427 CST] 00000030 org.apache.wink.server.internal.log.Resources                I The server has registered the JAX-RS resource class com.ibm.worklight.admin.services.ManagementService with @Path(/).
[1/27/16 16:53:26:429 CST] 00000030 org.apache.wink.server.internal.log.Providers                I The class com.ibm.worklight.admin.util.ByteArrayWorkaroundProvider was registered as a JAX-RS MessageBodyReader provider for com.ibm.worklight.admin.util.ByteArrayWorkaround Java types and */* media types.
[1/27/16 16:53:26:430 CST] 00000030 org.apache.wink.server.internal.log.Providers                I The class com.ibm.worklight.admin.util.ByteArrayWorkaroundProvider was registered as a JAX-RS MessageBodyWriter provider for com.ibm.worklight.admin.util.ByteArrayWorkaround Java types and */* media types.
[1/27/16 16:53:26:628 CST] 0000002f com.ibm.ws.webcontainer.osgi.webapp.WebGroup                 I SRVE0169I: Loading Web Module: analytics.
[1/27/16 16:53:26:629 CST] 0000002f com.ibm.ws.webcontainer                                      I SRVE0250I: Web Module analytics has been bound to default_host.
[1/27/16 16:53:26:629 CST] 0000002f com.ibm.ws.http.internal.VirtualHostImpl                     A CWWKT0016I: Web application available (default_host): http://pbd31la.gdl.mex.ibm.com:10080/analytics-service/
[1/27/16 16:53:26:634 CST] 0000002f com.ibm.ws.session.WASSessionCore                            I SESN0176I: A new session context will be created for application key default_host/analytics-service
[1/27/16 16:53:26:634 CST] 0000002f com.ibm.ws.util                                              I SESN0172I: The session manager is using the Java default SecureRandom implementation for session ID generation.
[1/27/16 16:53:26:638 CST] 0000002f com.ibm.ws.jsp                                               I JSPG8502I: The value of the JSP attribute jdkSourceLevel is "15".
[1/27/16 16:53:26:773 CST] 00000030 com.ibm.ws.webcontainer.servlet                              I SRVE0242I: [WorklightServices] [/worklightadmin] [ManagementServlet]: Initialization successful.
[1/27/16 16:53:26:776 CST] 00000030 com.ibm.ws.app.manager.AppMessageHelper                      A CWWKZ0001I: Application WorklightServices started in 33.963 seconds.
[1/27/16 16:53:26:900 CST] 0000006d com.ibm.worklight.admin.services.ManagementService           I Ping service checking the availability of the HTTP(s) port successfully invoked
[1/27/16 16:53:26:941 CST] 0000006a com.ibm.worklight.admin.jmx.ManagementMXBeanImpl             I The ping service http://localhost:10080//worklightadmin/ping is available
[1/27/16 16:53:26:998 CST] 0000006e SystemErr                                                    R 3850  WorklightManagementPU-derby  INFO   [LargeThreadPool-thread-49] openjpa.Runtime - Starting OpenJPA 1.2.2
[1/27/16 16:53:27:000 CST] 0000006e SystemErr                                                    R 3852  WorklightManagementPU-derby  INFO   [LargeThreadPool-thread-49] openjpa.jdbc.JDBC - Using dictionary class "org.apache.openjpa.jdbc.sql.DerbyDictionary" (Apache Derby 10.8.2.2 - (1181258) ,Apache Derby Embedded JDBC Driver 10.8.2.2 - (1181258)).
[1/27/16 16:53:27:272 CST] 0000006a com.ibm.worklight.admin.jmx.ManagementMXBeanImpl             I Accessing the ping service http://localhost:10080//worklightadmin/ping
[1/27/16 16:53:27:345 CST] 00000072 com.ibm.worklight.admin.services.ManagementService           I Ping service checking the availability of the HTTP(s) port successfully invoked
[1/27/16 16:53:27:347 CST] 0000006a com.ibm.worklight.admin.jmx.ManagementMXBeanImpl             I The ping service http://localhost:10080//worklightadmin/ping is available
[1/27/16 16:53:27:519 CST] 0000006e com.worklight.common.util.jmx.LibertyRuntimeMBeanHandler     I Establishing REST connection to service:jmx:rest://localhost:10443/IBMJMXConnectorREST
[1/27/16 16:53:27:558 CST] 0000006e com.worklight.common.util.jmx.LibertyRuntimeMBeanHandler     I Successful REST connection to service:jmx:rest://localhost:10443/IBMJMXConnectorREST
[1/27/16 16:53:28:938 CST] 00000074 SystemErr                                                    R 5705  WorklightManagementPU-derby  INFO   [LargeThreadPool-thread-55] openjpa.Runtime - Though you are using optimistic transactions, OpenJPA is now beginning a datastore transaction because you have requested a lock on some data.
[1/27/16 16:53:29:351 CST] 00000074 SystemErr                                                    R 6118  WorklightManagementPU-derby  INFO   [LargeThreadPool-thread-55] openjpa.Runtime - Though you are using optimistic transactions, OpenJPA is now beginning a datastore transaction because you have requested a lock on some data.
[1/27/16 16:53:29:786 CST] 00000038 com.worklight.core.auth.impl.AuthenticationFilter            I FWLSE0273I: Set sync required to 'true' [project Atoms1]
[1/27/16 16:53:29:789 CST] 00000038 com.worklight.core.jmx.ProjectSynchronizationBean            I FWLSE0271I: Resources dir 'C:\Users\IBM_ADMIN\Documents\WorkSpaces\IBM\MobileFirstServerConfig\servers\worklight\workarea\org.eclipse.osgi\84\data\temp\default_node\SMF_WebContainer\Atoms1\Atoms1\widget-resources' is going to be cleaned [project Atoms1]
[1/27/16 16:53:30:960 CST] 00000095 SystemErr                                                    R 7727  WorklightManagementPU-derby  INFO   [LargeThreadPool-thread-83] openjpa.Runtime - Though you are using optimistic transactions, OpenJPA is now beginning a datastore transaction because you have requested a lock on some data.
[1/27/16 16:53:31:080 CST] 0000008a SystemErr                                                    R 7847  WorklightManagementPU-derby  INFO   [LargeThreadPool-thread-73] openjpa.Runtime - Though you are using optimistic transactions, OpenJPA is now beginning a datastore transaction because you have requested a lock on some data.
[1/27/16 16:53:31:203 CST] 00000095 com.ibm.worklight.admin.jmx.ManagementMXBeanImpl             I Result: Atoms1: worklight///9.86.119.74: Runtime was synchronized successfully
[1/27/16 16:53:31:204 CST] 00000095 com.ibm.worklight.admin.jmx.ManagementMXBeanImpl             I Atoms1: worklight///9.86.119.74: 2016-01-27T22:53:29.807Z: Transaction handler reset
[1/27/16 16:53:31:206 CST] 00000038 com.worklight.core.init.WorklightServletInitializer          I FWLSE0247I: The Atoms1 project initialization times were: start-firstReadyCheck=3, firstReadyCheck=1,037, ready for sync=13,454, sync=3,856 [project Atoms1]
[1/27/16 16:53:31:208 CST] 00000038 com.worklight.core.auth.impl.AuthenticationFilter            I FWLSE0273I: Set sync required to 'false' [project Atoms1]
[1/27/16 16:53:31:251 CST] 00000038 com.worklight.core.ilmt.WorklightILMTLogger                  I FWLSE0282I: Using the ILMT directory 'C:\Program Files\ibm\common\slm'. [project Atoms1]
[1/27/16 16:53:31:262 CST] 00000038 com.worklight.server.bundle.project.JeeProjectActivator      I FWLST0002I: ========= Project /Atoms1 started. The project WAR file version is 7.1.0.00.20151227-1725,running on server version 7.1.0.00.20151227-1725. [project Atoms1]
[1/27/16 16:53:31:324 CST] 0000008a SystemErr                                                    R 8091  WorklightManagementPU-derby  INFO   [LargeThreadPool-thread-73] openjpa.Runtime - Though you are using optimistic transactions, OpenJPA is now beginning a datastore transaction because you have requested a lock on some data.
[1/27/16 16:53:31:668 CST] 0000008a SystemErr                                                    R 8435  WorklightManagementPU-derby  INFO   [LargeThreadPool-thread-73] openjpa.Runtime - Though you are using optimistic transactions, OpenJPA is now beginning a datastore transaction because you have requested a lock on some data.
[1/27/16 16:53:33:488 CST] 0000002f com.ibm.mobile.analytics.server.util.config.JndiSettings     I Read JNDI Property: warmupFrequencyInSeconds = 0
[1/27/16 16:53:33:490 CST] 0000002f com.ibm.mobile.analytics.server.util.DatastoreUtility        I JNDI property: datastore_type has not been set. Datastore is defaulting to elasticsearch_local
[1/27/16 16:53:33:516 CST] 0000002f org.apache.wink.server.internal.servlet.RestServlet          I The system is using the com.ibm.mobile.analytics.server.servlet.ElasticApplicationV2 JAX-RS application class that is named in the javax.ws.rs.Application init-param initialization parameter.
[1/27/16 16:53:33:607 CST] 0000002f apache.wink.server.internal.application.ApplicationProcessor I The following JAX-RS application has been processed: com.ibm.mobile.analytics.server.servlet.ElasticApplicationV2
[1/27/16 16:53:33:607 CST] 0000002f org.apache.wink.server.internal.log.Resources                I The server has registered the JAX-RS resource class com.ibm.mobile.analytics.server.servlet.DataReceiverV2 with @Path(/).
[1/27/16 16:53:33:607 CST] 0000002f org.apache.wink.server.internal.log.Providers                I The class com.ibm.mobile.analytics.server.servlet.EventReportListProvider was registered as a JAX-RS MessageBodyReader provider for java.util.List Java types and application/json media types.
[1/27/16 16:53:33:607 CST] 0000002f org.apache.wink.server.internal.log.Providers                I The class com.ibm.mobile.analytics.server.servlet.CustomParametersProvider was registered as a JAX-RS MessageBodyReader provider for com.ibm.mobile.analytics.server.rest.params.CustomParameters Java types and application/json media types.
[1/27/16 16:53:33:607 CST] 0000002f org.apache.wink.server.internal.log.Providers                I The class com.ibm.mobile.analytics.server.servlet.EventReportProvider was registered as a JAX-RS MessageBodyReader provider for com.ibm.mobile.analytics.sdk.model.EventReport Java types and application/json media types.
[1/27/16 16:53:33:653 CST] 0000002f com.ibm.ws.webcontainer.servlet                              I SRVE0242I: [AnalyticsServices] [/analytics-service] [datav2]: Initialization successful.
[1/27/16 16:53:33:656 CST] 0000002f org.apache.wink.server.internal.servlet.RestServlet          I The system is using the com.ibm.mobile.analytics.server.servlet.ElasticApplication JAX-RS application class that is named in the javax.ws.rs.Application init-param initialization parameter.
[1/27/16 16:53:34:172 CST] 0000002f apache.wink.server.internal.application.ApplicationProcessor I The following JAX-RS application has been processed: com.ibm.mobile.analytics.server.servlet.ElasticApplication
[1/27/16 16:53:34:173 CST] 0000002f org.apache.wink.server.internal.log.Resources                I The server has registered the JAX-RS resource class com.ibm.mobile.analytics.server.rest.AdministrationResource with @Path(/administration/apps/{appId}).
[1/27/16 16:53:34:173 CST] 0000002f org.apache.wink.server.internal.log.Resources                I The server has registered the JAX-RS resource class com.ibm.mobile.analytics.server.alert.elasticsearch.NotificationsResource with @Path(/notifications/apps/{appId}).
[1/27/16 16:53:34:173 CST] 0000002f org.apache.wink.server.internal.log.Resources                I The server has registered the JAX-RS resource class com.ibm.mobile.analytics.server.custom.elasticsearch.CustomChartsManager with @Path(/customCharts/apps/{appId}).
[1/27/16 16:53:34:173 CST] 0000002f org.apache.wink.server.internal.log.Resources                I The server has registered the JAX-RS resource class com.ibm.mobile.analytics.server.loadtesting.LoadTesting with @Path(/loadTesting/apps/{appId}).
[1/27/16 16:53:34:174 CST] 0000002f org.apache.wink.server.internal.log.Resources                I The server has registered the JAX-RS resource class com.ibm.mobile.analytics.server.rest.DashboardResource with @Path(/dashboard/apps/{appId}).
[1/27/16 16:53:34:174 CST] 0000002f org.apache.wink.server.internal.log.Resources                I The server has registered the JAX-RS resource class com.ibm.mobile.analytics.server.rest.SecurityResource with @Path(/security/apps/{appId}).
[1/27/16 16:53:34:174 CST] 0000002f org.apache.wink.server.internal.log.Resources                I The server has registered the JAX-RS resource class com.ibm.mobile.analytics.server.rest.AdaptersResource with @Path(/adapters/apps/{appId}).
[1/27/16 16:53:34:174 CST] 0000002f org.apache.wink.server.internal.log.Resources                I The server has registered the JAX-RS resource class com.ibm.mobile.analytics.server.rest.NetworkResource with @Path(/network/apps/{appId}).
[1/27/16 16:53:34:174 CST] 0000002f org.apache.wink.server.internal.log.Resources                I The server has registered the JAX-RS resource class com.ibm.mobile.analytics.server.rest.DevicesResource with @Path(/devices/apps/{appId}).
[1/27/16 16:53:34:174 CST] 0000002f org.apache.wink.server.internal.log.Resources                I The server has registered the JAX-RS resource class com.ibm.mobile.analytics.server.rest.ServersResource with @Path(/servers/apps/{appId}).
[1/27/16 16:53:34:175 CST] 0000002f org.apache.wink.server.internal.log.Resources                I The server has registered the JAX-RS resource class com.ibm.mobile.analytics.server.custom.elasticsearch.CustomCharts with @Path(/custom/apps/{appId}).
[1/27/16 16:53:34:175 CST] 0000002f org.apache.wink.server.internal.log.Resources                I The server has registered the JAX-RS resource class com.ibm.mobile.analytics.server.rest.SearchResource with @Path(/search/apps/{appId}).
[1/27/16 16:53:34:175 CST] 0000002f org.apache.wink.server.internal.log.Resources                I The server has registered the JAX-RS resource class com.ibm.mobile.analytics.server.rest.CommonResource with @Path(/common/apps/{appId}).
[1/27/16 16:53:34:175 CST] 0000002f org.apache.wink.server.internal.log.Resources                I The server has registered the JAX-RS resource class com.ibm.mobile.analytics.server.alert.elasticsearch.AlertsResource with @Path(/alerts/apps/{appId}).
[1/27/16 16:53:34:175 CST] 0000002f org.apache.wink.server.internal.log.Resources                I The server has registered the JAX-RS resource class com.ibm.mobile.analytics.server.rest.PushResource with @Path(/push/apps/{appId}).
[1/27/16 16:53:34:176 CST] 0000002f org.apache.wink.server.internal.log.Resources                I The server has registered the JAX-RS resource class com.wordnik.swagger.jaxrs.listing.ApiListingResourceJSON with @Path(/api-docs).
[1/27/16 16:53:34:176 CST] 0000002f org.apache.wink.server.internal.log.Resources                I The server has registered the JAX-RS resource class com.ibm.mobile.analytics.server.rest.IndexManagerResource with @Path(/indices).
[1/27/16 16:53:34:176 CST] 0000002f org.apache.wink.server.internal.log.Resources                I The server has registered the JAX-RS resource class com.ibm.mobile.analytics.server.servlet.DataReceiver with @Path(/).
[1/27/16 16:53:34:176 CST] 0000002f org.apache.wink.server.internal.log.Providers                I The class com.ibm.mobile.analytics.server.servlet.EventReportListProvider was registered as a JAX-RS MessageBodyReader provider for java.util.List Java types and application/json media types.
[1/27/16 16:53:34:176 CST] 0000002f org.apache.wink.server.internal.log.Providers                I The class com.ibm.mobile.analytics.server.servlet.EventReportProvider was registered as a JAX-RS MessageBodyReader provider for com.ibm.mobile.analytics.sdk.model.EventReport Java types and application/json media types.
[1/27/16 16:53:34:177 CST] 0000002f org.apache.wink.server.internal.log.Providers                I The class com.ibm.mobile.analytics.server.servlet.CustomParametersProvider was registered as a JAX-RS MessageBodyReader provider for com.ibm.mobile.analytics.server.rest.params.CustomParameters Java types and application/json media types.
[1/27/16 16:53:34:177 CST] 0000002f org.apache.wink.server.internal.log.Providers                I The class com.ibm.mobile.analytics.server.servlet.AlertDefinitionProvider was registered as a JAX-RS MessageBodyReader provider for com.ibm.mobile.analytics.sdk.model.AlertDefinition Java types and application/json media types.
[1/27/16 16:53:34:177 CST] 0000002f org.apache.wink.server.internal.log.Providers                I The class com.wordnik.swagger.jaxrs.listing.ApiDeclarationProvider was registered as a JAX-RS MessageBodyWriter provider for com.wordnik.swagger.model.ApiListing Java types and application/json media types.
[1/27/16 16:53:34:177 CST] 0000002f org.apache.wink.server.internal.log.Providers                I The class com.wordnik.swagger.jaxrs.listing.ResourceListingProvider was registered as a JAX-RS MessageBodyWriter provider for com.wordnik.swagger.model.ResourceListing Java types and application/json media types.
[1/27/16 16:53:34:177 CST] 0000002f org.apache.wink.server.internal.log.Providers                I The class com.wordnik.swagger.jaxrs.listing.ApiDeclarationProvider was registered as a JAX-RS MessageBodyWriter provider for com.wordnik.swagger.model.ApiListing Java types and application/xml media types.
[1/27/16 16:53:34:178 CST] 0000002f org.apache.wink.server.internal.log.Providers                I The class com.wordnik.swagger.jaxrs.listing.ResourceListingProvider was registered as a JAX-RS MessageBodyWriter provider for com.wordnik.swagger.model.ResourceListing Java types and application/xml media types.
[1/27/16 16:53:34:193 CST] 0000002f com.ibm.ws.webcontainer.servlet                              I SRVE0242I: [AnalyticsServices] [/analytics-service] [data]: Initialization successful.
[1/27/16 16:53:36:488 CST] 000000a6 com.worklight.core.jmx.ProjectManagementMXBeanImpl           I FWLSE0275I: Starting transaction with ID 1 for 'deployApplication'.  [project Atoms1]
[1/27/16 16:53:37:018 CST] 000000a6 com.worklight.common.util.HttpUtil                           I FWLSE2014I: Downloading a worklight artifact from http://PBD31LA:10080/worklightadmin/otu/1.0/ffffffcbffffff85fffffffbffffffaf60ffffffa07e67ffffff9dfffffff5ffffffb8fffffff8fffffffdfffffff627ffffffab/runtimes/Atoms1/downloads/applications/Temporary317569284/common/1.0 [project Atoms1]
[1/27/16 16:53:37:506 CST] 000000a6 om.worklight.applications.deployers.base.EnvironmentDeployer I FWLSE0274I: Environment common deployed to directory 'C:\Users\IBM_ADMIN\Documents\WorkSpaces\IBM\MobileFirstServerConfig\servers\worklight\workarea\org.eclipse.osgi\84\data\temp\default_node\SMF_WebContainer\Atoms1\Atoms1\widget-resources\Atoms-common-a97ad0db300c4063018faab26d541615a2433963' . [project Atoms1]
[1/27/16 16:53:38:357 CST] 0000002f com.ibm.ws.webcontainer.servlet                              I SRVE0242I: [AnalyticsServices] [/analytics-service] [SwaggerJaxrsConfig]: Initialization successful.
[1/27/16 16:53:38:376 CST] 0000002f com.ibm.ws.app.manager.AppMessageHelper                      A CWWKZ0001I: Application AnalyticsServices started in 44.644 seconds.
[1/27/16 16:53:40:073 CST] 0000008a com.ibm.worklight.admin.actions.BaseTransaction              I Result: Atoms1: worklight///9.86.119.74: Preparation to deploy 'Atoms' finished
[1/27/16 16:53:40:185 CST] 000000b7 com.worklight.core.jmx.ProjectManagementMXBeanImpl           I FWLSE0275I: Starting transaction with ID 1 for 'commit'.  [project Atoms1]
[1/27/16 16:53:40:433 CST] 0000008a com.ibm.worklight.admin.actions.BaseTransaction              I Result: Atoms1: worklight///9.86.119.74: Commit
[1/27/16 16:53:40:434 CST] 0000008a com.ibm.worklight.admin.actions.BaseTransaction              I Atoms1: worklight///9.86.119.74: 2016-01-27T22:53:40.186Z: Application 'Atoms' was updated
[1/27/16 16:53:40:975 CST] 0000008a SystemErr                                                    R 17742  WorklightManagementPU-derby  INFO   [LargeThreadPool-thread-73] openjpa.Runtime - Though you are using optimistic transactions, OpenJPA is now beginning a datastore transaction because you have requested a lock on some data.
[1/27/16 16:53:41:868 CST] 000000bd com.ibm.ws.webcontainer.servlet                              I SRVE0242I: [Atoms1] [/Atoms1] [PreviewServlet]: Initialization successful.
[1/27/16 16:53:48:684 CST] 0000009d com.ibm.mobile.analytics.server.util.Warmers                 I Warmers have been disabled
[1/27/16 16:53:48:684 CST] 0000009d com.ibm.mobile.analytics.server.util.Warmers                 I Warmer frequency set to 0 milliseconds
[1/27/16 16:54:31:265 CST] 0000009a com.worklight.core.ilmt.WorklightILMTLogger                  I FWLSE0277I: Creating an ILMT record in the file 'C:\Program Files\ibm\common\slm\0fcee506078c00fcc32301199a1e4e17.slmtag'.
[1/27/16 16:55:56:342 CST] 00000146 com.ibm.worklight.admin.common.util.ContextPropertyUtil      I Resource conf/jndi/default.properties not found. This is not an error. Context path is /worklightconsole
[1/27/16 16:55:58:639 CST] 00000056 m.ibm.worklight.management.ui.servlet.ConsoleServicesServlet I The endpoint used to invoke the MFP administration services is http://pbd31la:10080/worklightadmin/
[1/27/16 16:58:51:711 CST] 0000015c SystemErr                                                    R 328478  WorklightManagementPU-derby  INFO   [LargeThreadPool-thread-197] openjpa.Runtime - Though you are using optimistic transactions, OpenJPA is now beginning a datastore transaction because you have requested a lock on some data.
[1/27/16 16:58:51:723 CST] 0000015c SystemErr                                                    R 328490  WorklightManagementPU-derby  INFO   [LargeThreadPool-thread-197] openjpa.Runtime - Though you are using optimistic transactions, OpenJPA is now beginning a datastore transaction because you have requested a lock on some data.
[1/27/16 16:58:51:730 CST] 0000015c SystemErr                                                    R 328497  WorklightManagementPU-derby  INFO   [LargeThreadPool-thread-197] openjpa.Runtime - Though you are using optimistic transactions, OpenJPA is now beginning a datastore transaction because you have requested a lock on some data.
[1/27/16 16:58:52:193 CST] 00000046 com.worklight.core.jmx.ProjectManagementMXBeanImpl           I FWLSE0275I: Starting transaction with ID 2 for 'deployApplication'.  [project Atoms1]
[1/27/16 16:58:52:404 CST] 00000046 com.worklight.common.util.HttpUtil                           I FWLSE2014I: Downloading a worklight artifact from http://PBD31LA:10080/worklightadmin/otu/1.0/0e68ffffffd6fffffff957ffffffa34c1affffffbffffffffdffffff8fffffffbc166855ffffff9d/runtimes/Atoms1/downloads/applications/Temporary317569284/common/1.0 [project Atoms1]
[1/27/16 16:58:52:600 CST] 00000046 com.worklight.common.util.HttpUtil                           I FWLSE2014I: Downloading a worklight artifact from http://PBD31LA:10080/worklightadmin/otu/1.0/0e68ffffffd6fffffff957ffffffa34c1affffffbffffffffdffffff8fffffffbc166855ffffff9d/runtimes/Atoms1/downloads/applications/Temporary317569284/android/1.0 [project Atoms1]
[1/27/16 16:58:53:291 CST] 00000046 om.worklight.applications.deployers.base.EnvironmentDeployer I FWLSE0274I: Environment common deployed to directory 'C:\Users\IBM_ADMIN\Documents\WorkSpaces\IBM\MobileFirstServerConfig\servers\worklight\workarea\org.eclipse.osgi\84\data\temp\default_node\SMF_WebContainer\Atoms1\Atoms1\widget-resources\Atoms-common-ed8203ab02056a2391538f745ca3d02761049fd0' . [project Atoms1]
[1/27/16 16:58:53:633 CST] 00000046 om.worklight.applications.deployers.base.EnvironmentDeployer I FWLSE0274I: Environment android deployed to directory 'C:\Users\IBM_ADMIN\Documents\WorkSpaces\IBM\MobileFirstServerConfig\servers\worklight\workarea\org.eclipse.osgi\84\data\temp\default_node\SMF_WebContainer\Atoms1\Atoms1\widget-resources\Atoms-android-1.0-5963bfb48561ad4b0e856602b38149e2bdcd9316' . [project Atoms1]
[1/27/16 16:58:55:709 CST] 0000015c com.ibm.worklight.admin.actions.BaseTransaction              I Result: Atoms1: worklight///9.86.119.74: Preparation to deploy 'Atoms' finished
[1/27/16 16:58:55:734 CST] 0000006e com.worklight.core.jmx.ProjectManagementMXBeanImpl           I FWLSE0275I: Starting transaction with ID 2 for 'commit'.  [project Atoms1]
[1/27/16 16:58:56:143 CST] 0000015c com.ibm.worklight.admin.actions.BaseTransaction              I Result: Atoms1: worklight///9.86.119.74: Commit
[1/27/16 16:58:56:144 CST] 0000015c com.ibm.worklight.admin.actions.BaseTransaction              I Atoms1: worklight///9.86.119.74: 2016-01-27T22:58:55.739Z: Application 'Atoms' was updated
[1/27/16 16:58:56:162 CST] 0000015c SystemErr                                                    R 332929  WorklightManagementPU-derby  INFO   [LargeThreadPool-thread-197] openjpa.Runtime - Though you are using optimistic transactions, OpenJPA is now beginning a datastore transaction because you have requested a lock on some data.
[1/27/16 17:00:01:055 CST] 000001a4 com.ibm.ws.runtime.update.internal.RuntimeUpdateManagerImpl  I CWWKE1100I: Begin server quiesce.
[1/27/16 17:00:01:059 CST] 000001a5 com.ibm.ws.tcpchannel.internal.TCPChannel                    I CWWKO0220I: TCP Channel defaultHttpEndpoint has stopped listening for requests on host *  (IPv6) port 10080.
[1/27/16 17:00:01:061 CST] 000001a5 com.ibm.ws.tcpchannel.internal.TCPChannel                    I CWWKO0220I: TCP Channel defaultHttpEndpoint-ssl has stopped listening for requests on host *  (IPv6) port 10443.
[1/27/16 17:00:01:061 CST] 000001a5 com.ibm.ws.http.internal.VirtualHostImpl                     A CWWKT0017I: Web application removed (default_host): https://pbd31la.gdl.mex.ibm.com:10443/IBMJMXConnectorREST/
[1/27/16 17:00:01:062 CST] 000001a5 com.ibm.ws.http.internal.VirtualHostImpl                     A CWWKT0017I: Web application removed (default_host): https://pbd31la.gdl.mex.ibm.com:10443/Atoms1/
[1/27/16 17:00:01:062 CST] 000001a5 com.ibm.ws.http.internal.VirtualHostImpl                     A CWWKT0017I: Web application removed (default_host): https://pbd31la.gdl.mex.ibm.com:10443/worklightadmin/
[1/27/16 17:00:01:062 CST] 000001a5 com.ibm.ws.http.internal.VirtualHostImpl                     A CWWKT0017I: Web application removed (default_host): https://pbd31la.gdl.mex.ibm.com:10443/analytics/
[1/27/16 17:00:01:062 CST] 000001a5 com.ibm.ws.http.internal.VirtualHostImpl                     A CWWKT0017I: Web application removed (default_host): https://pbd31la.gdl.mex.ibm.com:10443/analytics-service/
[1/27/16 17:00:01:063 CST] 000001a5 com.ibm.ws.http.internal.VirtualHostImpl                     A CWWKT0017I: Web application removed (default_host): https://pbd31la.gdl.mex.ibm.com:10443/_MobileBrowserSimulator/
[1/27/16 17:00:01:063 CST] 000001a5 com.ibm.ws.http.internal.VirtualHostImpl                     A CWWKT0017I: Web application removed (default_host): https://pbd31la.gdl.mex.ibm.com:10443/worklightconsole/
[1/27/16 17:00:01:069 CST] 000001a4 com.ibm.ws.runtime.update.internal.RuntimeUpdateManagerImpl  I CWWKE1101I: Server quiesce complete.
[1/27/16 17:00:01:154 CST] 0000008f com.ibm.ws.webcontainer.servlet                              I SRVE0253I: [AnalyticsUI] [/analytics] [servicesServlet]: Destroy successful.
[1/27/16 17:00:01:156 CST] 0000008f com.ibm.ws.webcontainer.servlet                              I SRVE0253I: [AnalyticsUI] [/analytics] [utilityServlet]: Destroy successful.
[1/27/16 17:00:01:158 CST] 00000156 com.ibm.ws.webcontainer.servlet                              I SRVE0253I: [AnalyticsServices] [/analytics-service] [SwaggerJaxrsConfig]: Destroy successful.
[1/27/16 17:00:01:159 CST] 000000a2 com.ibm.ws.webcontainer.servlet                              I SRVE0253I: [WorklightServices] [/worklightadmin] [ManagementServlet]: Destroy successful.
[1/27/16 17:00:01:162 CST] 000000a2 ht.admin.listeners.WorklightManagementServletContextListener I MobileFirst Administration Services servlet context listener destroyed
[1/27/16 17:00:01:162 CST] 00000156 com.ibm.ws.webcontainer.servlet                              I SRVE0253I: [AnalyticsServices] [/analytics-service] [data]: Destroy successful.
[1/27/16 17:00:01:162 CST] 000000a2 com.ibm.ws.webcontainer.webapp                               I SRVE0292I: Servlet Message - [worklight-management-service]:.Closing Spring root WebApplicationContext
[1/27/16 17:00:01:162 CST] 0000016e com.ibm.ws.webcontainer.servlet                              I SRVE0253I: [Atoms1] [/Atoms1] [AuthorizationServer]: Destroy successful.
[1/27/16 17:00:01:164 CST] 000000a2 springframework.web.context.support.XmlWebApplicationContext I Closing Root WebApplicationContext: startup date [Wed Jan 27 16:53:16 CST 2016]; root of context hierarchy
[1/27/16 17:00:01:166 CST] 00000156 com.ibm.ws.webcontainer.servlet                              I SRVE0253I: [AnalyticsServices] [/analytics-service] [datav2]: Destroy successful.
[1/27/16 17:00:01:166 CST] 0000016e com.ibm.ws.webcontainer.servlet                              I SRVE0253I: [Atoms1] [/Atoms1] [OAuthAuthorizationServer]: Destroy successful.
[1/27/16 17:00:01:167 CST] 00000051 com.ibm.ws.webcontainer.servlet                              I SRVE0253I: [WorklightConsole] [/worklightconsole] [servicesServlet]: Destroy successful.
[1/27/16 17:00:01:167 CST] 00000051 com.ibm.ws.webcontainer.servlet                              I SRVE0253I: [WorklightConsole] [/worklightconsole] [localeServlet]: Destroy successful.
[1/27/16 17:00:01:168 CST] 0000016e com.ibm.ws.webcontainer.servlet                              I SRVE0253I: [Atoms1] [/Atoms1] [PushWorksApplication]: Destroy successful.
[1/27/16 17:00:01:169 CST] 0000016e com.ibm.ws.webcontainer.servlet                              I SRVE0253I: [Atoms1] [/Atoms1] [PreviewServlet]: Destroy successful.
[1/27/16 17:00:01:169 CST] 000000a2 ngframework.beans.factory.support.DefaultListableBeanFactory I Destroying singletons in org.springframework.beans.factory.support.DefaultListableBeanFactory@341fb46f: defining beans [registrationServiceFactory]; root of factory hierarchy
[1/27/16 17:00:01:175 CST] 0000016e com.worklight.core.ilmt.WorklightILMTLogger                  I FWLSE0277I: Creating an ILMT record in the file 'C:\Program Files\ibm\common\slm\0fcee506078c00fcc32301199a1e4e17.slmtag'. [project Atoms1]
[1/27/16 17:00:01:176 CST] 0000008f com.ibm.ws.app.manager.AppMessageHelper                      A CWWKZ0009I: The application AnalyticsUI has stopped successfully.
[1/27/16 17:00:01:185 CST] 00000051 com.ibm.ws.app.manager.AppMessageHelper                      A CWWKZ0009I: The application WorklightConsole has stopped successfully.
[1/27/16 17:00:01:192 CST] 000000a2 com.ibm.ws.app.manager.AppMessageHelper                      A CWWKZ0009I: The application WorklightServices has stopped successfully.
[1/27/16 17:00:01:198 CST] 00000085 com.ibm.ws.app.manager.AppMessageHelper                      A CWWKZ0009I: The application _MobileBrowserSimulator has stopped successfully.
[1/27/16 17:00:01:407 CST] 00000156 com.ibm.ws.app.manager.AppMessageHelper                      A CWWKZ0009I: The application AnalyticsServices has stopped successfully.
[1/27/16 17:00:02:190 CST] 0000016e ingframework.context.support.FileSystemXmlApplicationContext I Closing org.springframework.context.support.FileSystemXmlApplicationContext@34c796cf: startup date [Wed Jan 27 16:52:59 CST 2016]; root of context hierarchy
[1/27/16 17:00:02:192 CST] 0000016e ngframework.beans.factory.support.DefaultListableBeanFactory I Destroying singletons in org.springframework.beans.factory.support.DefaultListableBeanFactory@30f0b518: defining beans [org.springframework.context.annotation.internalConfigurationAnnotationProcessor,org.springframework.context.annotation.internalAutowiredAnnotationProcessor,org.springframework.context.annotation.internalRequiredAnnotationProcessor,org.springframework.context.annotation.internalCommonAnnotationProcessor,org.springframework.context.annotation.internalPersistenceAnnotationProcessor,mailingService,WorkLightNotice,rssBrokerUtils,audit,GenericDAOFactory,GenericDAO,clusterSynchronizationDAOFactory,clusterSynchronizationDAO,taskCoordinator,taskManager,worklightAuthenticationService,loginConfigurationServiceBean,protectedResourceFactory,ssoDAOFactory,ssoDAO,ssoExpiredLoginContextsCleanupTask,keyStoreManager,authorizationServer,OAuthValidator,OAuthValidationFilter,authorizationStore,OAuthInternalFilter,JAXRSSandboxFactory,AdapterResourceFactory,wlServerAPI,securityAPI,adaptersAPI,configurationAPI,pushAPI,analyticsAPI,winkFrameworkSharedClassLoader,dataAccessService,shellResourcesService,analyticsService,coreServiceManager,adapterManager,nodeProcessManager,adapterManagementService,factProcessingTask,PlatformUsageProcessingTask,notificationCleanupTask,WSSecurityService,cloudantDatabaseFactory,cloudantDb,cloudantConnectorFactory,gadgetDAOFactory,gadgetDAO,userPrefDAOFactory,userPrefDAO,deviceDAOFactory,deviceDAO,licenseTermsDAOFactory,licenseTermsDAO,clientInstanceDAOFactory,clientInstanceDAO,licenseTermsAddressableDeviceDAOFactory,licenseTermsAddressableDeviceDAO,AttributeStoreDAOFactory,attributeStoreDAO,platformUsageService,configProfileService,gfwProps,gadgetEnvironmentManager,gadgetResourcesRoot,gadgetCustomizedResourcesRoot,applicationMetadataService,applicationManagementService,beaconService,notificationsSimulationManager,pushServiceListener,PushService,reportService,reportsDS,reportsBrokerDS,reportsSessionFactory,gadgetReportsDAO,notificationReportsDao,gadgetReportsService,analyticsFactService,analyticsSDKProvider,analyticsSDK,nodeInfo,registrationService,runtimeTransactionHandler,projectSyncService,xsConfiguration,attributeStoreFactory,attributeStoreDBCleanupTask,classCache,txManager,worklight-direct,rssBrokerDS,brokerSessionFactory,org.springframework.context.annotation.ConfigurationClassPostProcessor.importAwareProcessor]; root of factory hierarchy
[1/27/16 17:00:02:199 CST] 0000016e ringframework.orm.jpa.LocalContainerEntityManagerFactoryBean I Closing JPA EntityManagerFactory for persistence unit 'WorklightPU'
[1/27/16 17:00:02:224 CST] 0000016e hsqldb.db.HSQLDB52854A42AE.ENGINE                            I Database closed
[1/27/16 17:00:02:329 CST] 0000016e ringframework.orm.jpa.LocalContainerEntityManagerFactoryBean I Closing JPA EntityManagerFactory for persistence unit 'WorklightReportsPU'
[1/27/16 17:00:02:330 CST] 0000016e com.worklight.server.bundle.project.JeeProjectActivator      I FWLST0004I: ========= Project /Atoms1 stopped
[1/27/16 17:00:02:333 CST] 0000016e com.ibm.ws.app.manager.AppMessageHelper                      A CWWKZ0009I: The application Atoms1 has stopped successfully.
[1/27/16 17:00:02:398 CST] 000001a4 com.ibm.tx.jta.impl.FailureScopeController                   A WTRN0105I: The transaction service has shutdown successfully with no transactions requiring recovery.
[1/27/16 17:00:02:417 CST] 000001a4 com.ibm.ws.webcontainer.servlet                              I SRVE0253I: [com.ibm.ws.jmx.connector.server.rest] [/IBMJMXConnectorREST] [MBeanServerConnector]: Destroy successful.
[1/27/16 17:00:02:469 CST] 000001a4 com.ibm.ws.security.internal.SecurityReadyServiceImpl        I CWWKS0008I: The security service is ready.
[1/27/16 17:00:03:228 CST] 000001a4 com.ibm.ws.security.internal.SecurityReadyServiceImpl        I CWWKS0009I: The security service has stopped.
[1/27/16 17:00:03:609 CST] 00000001 com.ibm.ws.kernel.launch.internal.FrameworkManager           A CWWKE0036I: The server worklight stopped after 7 minutes, 25.52 seconds.
